<?xml version="1.0" encoding="UTF-8" ?>
<testsuite errors="0" failures="0" hostname="PTGHP450-AM" name="com.wm.ps.test.WmTestSuite [FibonachiTest]" tests="2" time="0.569" timestamp="2017-09-08T23:13:50">
  <properties>
[...]
</properties>
  <testcase classname="com.wm.ps.test.WmTestCase" name="Straigt Case" time="0.268" />
  <testcase classname="com.wm.ps.test.WmTestCase" name="TestException" time="0.255" />
  <system-out><![CDATA[]]></system-out>
  <system-err><![CDATA[]]></system-err>
</testsuite>
